This is pdfTeX, Version 3.1415926-2.5-1.40.14 (MiKTeX 2.9) (preloaded format=pdflatex 2015.5.27)  23 JAN 2017 13:53
entering extended mode
**SimulatingVisualGeometry_Ausarbeitung.tex

(D:\Dokumente\RWTH\PhysikalischBasierteAnimation\Seminar\SimulatingVisualGeomet
ry_Ausarbeitung.tex
LaTeX2e <2011/06/27>
Babel <v3.8m> and hyphenation patterns for english, afrikaans, ancientgreek, ar
abic, armenian, assamese, basque, bengali, bokmal, bulgarian, catalan, coptic, 
croatian, czech, danish, dutch, esperanto, estonian, farsi, finnish, french, ga
lician, german, german-x-2013-05-26, greek, gujarati, hindi, hungarian, iceland
ic, indonesian, interlingua, irish, italian, kannada, kurmanji, latin, latvian,
 lithuanian, malayalam, marathi, mongolian, mongolianlmc, monogreek, ngerman, n
german-x-2013-05-26, nynorsk, oriya, panjabi, pinyin, polish, portuguese, roman
ian, russian, sanskrit, serbian, slovak, slovenian, spanish, swedish, swissgerm
an, tamil, telugu, turkish, turkmen, ukenglish, ukrainian, uppersorbian, usengl
ishmax, welsh, loaded.
(D:\Installationen\MikTex\tex\latex\koma-script\scrartcl.cls
Document Class: scrartcl 2016/05/10 v3.20 KOMA-Script document class (article)
(D:\Installationen\MikTex\tex\latex\koma-script\scrkbase.sty
Package: scrkbase 2016/05/10 v3.20 KOMA-Script package (KOMA-Script-dependent b
asics and keyval usage)

(D:\Installationen\MikTex\tex\latex\koma-script\scrbase.sty
Package: scrbase 2016/05/10 v3.20 KOMA-Script package (KOMA-Script-independent 
basics and keyval usage)

(D:\Installationen\MikTex\tex\latex\graphics\keyval.sty
Package: keyval 1999/03/16 v1.13 key=value parser (DPC)
\KV@toks@=\toks14
)
(D:\Installationen\MikTex\tex\latex\koma-script\scrlfile.sty
Package: scrlfile 2016/05/10 v3.20 KOMA-Script package (loading files)

Package scrlfile, 2016/05/10 v3.20 KOMA-Script package (loading files)
                  Copyright (C) Markus Kohm

))) (D:\Installationen\MikTex\tex\latex\koma-script\tocbasic.sty
Package: tocbasic 2016/05/10 v3.20 KOMA-Script package (handling toc-files)
\scr@dte@tocline@numberwidth=\skip41
\scr@dte@tocline@numbox=\box26
)
Package tocbasic Info: omitting babel extension for `toc'
(tocbasic)             because of feature `nobabel' available
(tocbasic)             for `toc' on input line 130.
Package tocbasic Info: omitting babel extension for `lof'
(tocbasic)             because of feature `nobabel' available
(tocbasic)             for `lof' on input line 131.
Package tocbasic Info: omitting babel extension for `lot'
(tocbasic)             because of feature `nobabel' available
(tocbasic)             for `lot' on input line 132.
Package scrartcl Info: You've used standard option `11pt'.
(scrartcl)             This is correct!
(scrartcl)             Internally I'm using `fontsize=11pt'.
(scrartcl)             If you'd like to set the option with \KOMAoptions,
(scrartcl)             you'd have to use `fontsize=11pt' there
(scrartcl)             instead of `11pt', too.
Class scrartcl Info: You've used standard option `oneside'.
(scrartcl)           This is correct!
(scrartcl)           Internally I'm using `twoside=false'.
(scrartcl)           If you'd like to set the option with \KOMAoptions,
(scrartcl)           you'd have to use `twoside=false' there
(scrartcl)           instead of `oneside', too.
Class scrartcl Info: You've used standard option `final'.
(scrartcl)           This is correct!
(scrartcl)           Internally I'm using `draft=false'.
(scrartcl)           If you'd like to set the option with \KOMAoptions,
(scrartcl)           you'd have to use `draft=false' there
(scrartcl)           instead of `final', too.
Class scrartcl Info: File `scrsize11pt.clo' used to setup font sizes on input l
ine 2051.

(D:\Installationen\MikTex\tex\latex\koma-script\scrsize11pt.clo
File: scrsize11pt.clo 2016/05/10 v3.20 KOMA-Script font size class option (11pt
)
)
(D:\Installationen\MikTex\tex\latex\koma-script\typearea.sty
Package: typearea 2016/05/10 v3.20 KOMA-Script package (type area)

Package typearea, 2016/05/10 v3.20 KOMA-Script package (type area)
                  Copyright (C) Frank Neukam, 1992-1994
                  Copyright (C) Markus Kohm, 1994-

\ta@bcor=\skip42
\ta@div=\count79
Package typearea Info: You've used standard option `a4paper'.
(typearea)             This is correct!
(typearea)             Internally I'm using `paper=a4'.
(typearea)             If you'd like to set the option with \KOMAoptions,
(typearea)             you'd have to use `paper=a4' there
(typearea)             instead of `a4paper', too.
Package typearea Info: You've used standard option `oneside'.
(typearea)             This is correct!
(typearea)             Internally I'm using `twoside=false'.
(typearea)             If you'd like to set the option with \KOMAoptions,
(typearea)             you'd have to use `twoside=false' there
(typearea)             instead of `oneside', too.
\ta@hblk=\skip43
\ta@vblk=\skip44
\ta@temp=\skip45
\footheight=\skip46
Package typearea Info: These are the values describing the layout:
(typearea)             DIV  = 10
(typearea)             BCOR = 0.0pt
(typearea)             \paperwidth      = 597.50793pt
(typearea)              \textwidth      = 418.25555pt
(typearea)              DIV departure   = -6%
(typearea)              \evensidemargin = 17.3562pt
(typearea)              \oddsidemargin  = 17.3562pt
(typearea)             \paperheight     = 845.04694pt
(typearea)              \textheight     = 595.80026pt
(typearea)              \topmargin      = -25.16531pt
(typearea)              \headheight     = 17.0pt
(typearea)              \headsep        = 20.40001pt
(typearea)              \topskip        = 11.0pt
(typearea)              \footskip       = 47.6pt
(typearea)              \baselineskip   = 13.6pt
(typearea)              on input line 1528.
)
\c@part=\count80
\c@section=\count81
\c@subsection=\count82
\c@subsubsection=\count83
\c@paragraph=\count84
\c@subparagraph=\count85
\scr@dte@part@maxnumwidth=\skip47
\scr@dte@section@maxnumwidth=\skip48
\scr@dte@subsection@maxnumwidth=\skip49
\scr@dte@subsubsection@maxnumwidth=\skip50
\scr@dte@paragraph@maxnumwidth=\skip51
\scr@dte@subparagraph@maxnumwidth=\skip52
\abovecaptionskip=\skip53
\belowcaptionskip=\skip54
\c@pti@nb@sid@b@x=\box27
\c@figure=\count86
\c@table=\count87
Class scrartcl Info: Redefining `\numberline' on input line 5012.
\bibindent=\dimen102
) (D:\Installationen\MikTex\tex\latex\lipsum\lipsum.sty
Package: lipsum 2014/07/27 v1.3 150 paragraphs of Lorem Ipsum dummy text
\c@lips@count=\count88
)
(D:\Installationen\MikTex\tex\latex\graphics\graphicx.sty
Package: graphicx 1999/02/16 v1.0f Enhanced LaTeX Graphics (DPC,SPQR)

(D:\Installationen\MikTex\tex\latex\graphics\graphics.sty
Package: graphics 2009/02/05 v1.0o Standard LaTeX Graphics (DPC,SPQR)

(D:\Installationen\MikTex\tex\latex\graphics\trig.sty
Package: trig 1999/03/16 v1.09 sin cos tan (DPC)
)
(D:\Installationen\MikTex\tex\latex\00miktex\graphics.cfg
File: graphics.cfg 2007/01/18 v1.5 graphics configuration of teTeX/TeXLive
)
Package graphics Info: Driver file: pdftex.def on input line 91.

(D:\Installationen\MikTex\tex\latex\pdftex-def\pdftex.def
File: pdftex.def 2011/05/27 v0.06d Graphics/color for pdfTeX

(D:\Installationen\MikTex\tex\generic\oberdiek\infwarerr.sty
Package: infwarerr 2010/04/08 v1.3 Providing info/warning/error messages (HO)
)
(D:\Installationen\MikTex\tex\generic\oberdiek\ltxcmds.sty
Package: ltxcmds 2011/11/09 v1.22 LaTeX kernel commands for general use (HO)
)
\Gread@gobject=\count89
))
\Gin@req@height=\dimen103
\Gin@req@width=\dimen104
)
(D:\Installationen\MikTex\tex\latex\base\inputenc.sty
Package: inputenc 2008/03/30 v1.1d Input encoding file
\inpenc@prehook=\toks15
\inpenc@posthook=\toks16

(D:\Installationen\MikTex\tex\latex\base\utf8.def
File: utf8.def 2008/04/05 v1.1m UTF-8 support for inputenc
Now handling font encoding OML ...
... no UTF-8 mapping file for font encoding OML
Now handling font encoding T1 ...
... processing UTF-8 mapping file for font encoding T1

(D:\Installationen\MikTex\tex\latex\base\t1enc.dfu
File: t1enc.dfu 2008/04/05 v1.1m UTF-8 support for inputenc
   defining Unicode char U+00A1 (decimal 161)
   defining Unicode char U+00A3 (decimal 163)
   defining Unicode char U+00AB (decimal 171)
   defining Unicode char U+00BB (decimal 187)
   defining Unicode char U+00BF (decimal 191)
   defining Unicode char U+00C0 (decimal 192)
   defining Unicode char U+00C1 (decimal 193)
   defining Unicode char U+00C2 (decimal 194)
   defining Unicode char U+00C3 (decimal 195)
   defining Unicode char U+00C4 (decimal 196)
   defining Unicode char U+00C5 (decimal 197)
   defining Unicode char U+00C6 (decimal 198)
   defining Unicode char U+00C7 (decimal 199)
   defining Unicode char U+00C8 (decimal 200)
   defining Unicode char U+00C9 (decimal 201)
   defining Unicode char U+00CA (decimal 202)
   defining Unicode char U+00CB (decimal 203)
   defining Unicode char U+00CC (decimal 204)
   defining Unicode char U+00CD (decimal 205)
   defining Unicode char U+00CE (decimal 206)
   defining Unicode char U+00CF (decimal 207)
   defining Unicode char U+00D0 (decimal 208)
   defining Unicode char U+00D1 (decimal 209)
   defining Unicode char U+00D2 (decimal 210)
   defining Unicode char U+00D3 (decimal 211)
   defining Unicode char U+00D4 (decimal 212)
   defining Unicode char U+00D5 (decimal 213)
   defining Unicode char U+00D6 (decimal 214)
   defining Unicode char U+00D8 (decimal 216)
   defining Unicode char U+00D9 (decimal 217)
   defining Unicode char U+00DA (decimal 218)
   defining Unicode char U+00DB (decimal 219)
   defining Unicode char U+00DC (decimal 220)
   defining Unicode char U+00DD (decimal 221)
   defining Unicode char U+00DE (decimal 222)
   defining Unicode char U+00DF (decimal 223)
   defining Unicode char U+00E0 (decimal 224)
   defining Unicode char U+00E1 (decimal 225)
   defining Unicode char U+00E2 (decimal 226)
   defining Unicode char U+00E3 (decimal 227)
   defining Unicode char U+00E4 (decimal 228)
   defining Unicode char U+00E5 (decimal 229)
   defining Unicode char U+00E6 (decimal 230)
   defining Unicode char U+00E7 (decimal 231)
   defining Unicode char U+00E8 (decimal 232)
   defining Unicode char U+00E9 (decimal 233)
   defining Unicode char U+00EA (decimal 234)
   defining Unicode char U+00EB (decimal 235)
   defining Unicode char U+00EC (decimal 236)
   defining Unicode char U+00ED (decimal 237)
   defining Unicode char U+00EE (decimal 238)
   defining Unicode char U+00EF (decimal 239)
   defining Unicode char U+00F0 (decimal 240)
   defining Unicode char U+00F1 (decimal 241)
   defining Unicode char U+00F2 (decimal 242)
   defining Unicode char U+00F3 (decimal 243)
   defining Unicode char U+00F4 (decimal 244)
   defining Unicode char U+00F5 (decimal 245)
   defining Unicode char U+00F6 (decimal 246)
   defining Unicode char U+00F8 (decimal 248)
   defining Unicode char U+00F9 (decimal 249)
   defining Unicode char U+00FA (decimal 250)
   defining Unicode char U+00FB (decimal 251)
   defining Unicode char U+00FC (decimal 252)
   defining Unicode char U+00FD (decimal 253)
   defining Unicode char U+00FE (decimal 254)
   defining Unicode char U+00FF (decimal 255)
   defining Unicode char U+0102 (decimal 258)
   defining Unicode char U+0103 (decimal 259)
   defining Unicode char U+0104 (decimal 260)
   defining Unicode char U+0105 (decimal 261)
   defining Unicode char U+0106 (decimal 262)
   defining Unicode char U+0107 (decimal 263)
   defining Unicode char U+010C (decimal 268)
   defining Unicode char U+010D (decimal 269)
   defining Unicode char U+010E (decimal 270)
   defining Unicode char U+010F (decimal 271)
   defining Unicode char U+0110 (decimal 272)
   defining Unicode char U+0111 (decimal 273)
   defining Unicode char U+0118 (decimal 280)
   defining Unicode char U+0119 (decimal 281)
   defining Unicode char U+011A (decimal 282)
   defining Unicode char U+011B (decimal 283)
   defining Unicode char U+011E (decimal 286)
   defining Unicode char U+011F (decimal 287)
   defining Unicode char U+0130 (decimal 304)
   defining Unicode char U+0131 (decimal 305)
   defining Unicode char U+0132 (decimal 306)
   defining Unicode char U+0133 (decimal 307)
   defining Unicode char U+0139 (decimal 313)
   defining Unicode char U+013A (decimal 314)
   defining Unicode char U+013D (decimal 317)
   defining Unicode char U+013E (decimal 318)
   defining Unicode char U+0141 (decimal 321)
   defining Unicode char U+0142 (decimal 322)
   defining Unicode char U+0143 (decimal 323)
   defining Unicode char U+0144 (decimal 324)
   defining Unicode char U+0147 (decimal 327)
   defining Unicode char U+0148 (decimal 328)
   defining Unicode char U+014A (decimal 330)
   defining Unicode char U+014B (decimal 331)
   defining Unicode char U+0150 (decimal 336)
   defining Unicode char U+0151 (decimal 337)
   defining Unicode char U+0152 (decimal 338)
   defining Unicode char U+0153 (decimal 339)
   defining Unicode char U+0154 (decimal 340)
   defining Unicode char U+0155 (decimal 341)
   defining Unicode char U+0158 (decimal 344)
   defining Unicode char U+0159 (decimal 345)
   defining Unicode char U+015A (decimal 346)
   defining Unicode char U+015B (decimal 347)
   defining Unicode char U+015E (decimal 350)
   defining Unicode char U+015F (decimal 351)
   defining Unicode char U+0160 (decimal 352)
   defining Unicode char U+0161 (decimal 353)
   defining Unicode char U+0162 (decimal 354)
   defining Unicode char U+0163 (decimal 355)
   defining Unicode char U+0164 (decimal 356)
   defining Unicode char U+0165 (decimal 357)
   defining Unicode char U+016E (decimal 366)
   defining Unicode char U+016F (decimal 367)
   defining Unicode char U+0170 (decimal 368)
   defining Unicode char U+0171 (decimal 369)
   defining Unicode char U+0178 (decimal 376)
   defining Unicode char U+0179 (decimal 377)
   defining Unicode char U+017A (decimal 378)
   defining Unicode char U+017B (decimal 379)
   defining Unicode char U+017C (decimal 380)
   defining Unicode char U+017D (decimal 381)
   defining Unicode char U+017E (decimal 382)
   defining Unicode char U+200C (decimal 8204)
   defining Unicode char U+2013 (decimal 8211)
   defining Unicode char U+2014 (decimal 8212)
   defining Unicode char U+2018 (decimal 8216)
   defining Unicode char U+2019 (decimal 8217)
   defining Unicode char U+201A (decimal 8218)
   defining Unicode char U+201C (decimal 8220)
   defining Unicode char U+201D (decimal 8221)
   defining Unicode char U+201E (decimal 8222)
   defining Unicode char U+2030 (decimal 8240)
   defining Unicode char U+2031 (decimal 8241)
   defining Unicode char U+2039 (decimal 8249)
   defining Unicode char U+203A (decimal 8250)
   defining Unicode char U+2423 (decimal 9251)
)
Now handling font encoding OT1 ...
... processing UTF-8 mapping file for font encoding OT1

(D:\Installationen\MikTex\tex\latex\base\ot1enc.dfu
File: ot1enc.dfu 2008/04/05 v1.1m UTF-8 support for inputenc
   defining Unicode char U+00A1 (decimal 161)
   defining Unicode char U+00A3 (decimal 163)
   defining Unicode char U+00B8 (decimal 184)
   defining Unicode char U+00BF (decimal 191)
   defining Unicode char U+00C5 (decimal 197)
   defining Unicode char U+00C6 (decimal 198)
   defining Unicode char U+00D8 (decimal 216)
   defining Unicode char U+00DF (decimal 223)
   defining Unicode char U+00E6 (decimal 230)
   defining Unicode char U+00EC (decimal 236)
   defining Unicode char U+00ED (decimal 237)
   defining Unicode char U+00EE (decimal 238)
   defining Unicode char U+00EF (decimal 239)
   defining Unicode char U+00F8 (decimal 248)
   defining Unicode char U+0131 (decimal 305)
   defining Unicode char U+0141 (decimal 321)
   defining Unicode char U+0142 (decimal 322)
   defining Unicode char U+0152 (decimal 338)
   defining Unicode char U+0153 (decimal 339)
   defining Unicode char U+2013 (decimal 8211)
   defining Unicode char U+2014 (decimal 8212)
   defining Unicode char U+2018 (decimal 8216)
   defining Unicode char U+2019 (decimal 8217)
   defining Unicode char U+201C (decimal 8220)
   defining Unicode char U+201D (decimal 8221)
)
Now handling font encoding OMS ...
... processing UTF-8 mapping file for font encoding OMS

(D:\Installationen\MikTex\tex\latex\base\omsenc.dfu
File: omsenc.dfu 2008/04/05 v1.1m UTF-8 support for inputenc
   defining Unicode char U+00A7 (decimal 167)
   defining Unicode char U+00B6 (decimal 182)
   defining Unicode char U+00B7 (decimal 183)
   defining Unicode char U+2020 (decimal 8224)
   defining Unicode char U+2021 (decimal 8225)
   defining Unicode char U+2022 (decimal 8226)
)
Now handling font encoding OMX ...
... no UTF-8 mapping file for font encoding OMX
Now handling font encoding U ...
... no UTF-8 mapping file for font encoding U
   defining Unicode char U+00A9 (decimal 169)
   defining Unicode char U+00AA (decimal 170)
   defining Unicode char U+00AE (decimal 174)
   defining Unicode char U+00BA (decimal 186)
   defining Unicode char U+02C6 (decimal 710)
   defining Unicode char U+02DC (decimal 732)
   defining Unicode char U+200C (decimal 8204)
   defining Unicode char U+2026 (decimal 8230)
   defining Unicode char U+2122 (decimal 8482)
   defining Unicode char U+2423 (decimal 9251)
))
(D:\Installationen\MikTex\tex\latex\subfigure\subfigure.sty
Package: subfigure 2002/07/30 v2.1.4 subfigure package
\subfigtopskip=\skip55
\subfigcapskip=\skip56
\subfigcaptopadj=\dimen105
\subfigbottomskip=\skip57
\subfigcapmargin=\dimen106
\subfiglabelskip=\skip58
\c@subfigure=\count90
\c@lofdepth=\count91
\c@subtable=\count92
\c@lotdepth=\count93

****************************************
* Local config file subfigure.cfg used *
****************************************
(D:\Installationen\MikTex\tex\latex\subfigure\subfigure.cfg)
\subfig@top=\skip59
\subfig@bottom=\skip60
)
(D:\Installationen\MikTex\tex\latex\amsmath\amsmath.sty
Package: amsmath 2013/01/14 v2.14 AMS math features
\@mathmargin=\skip61

For additional information on amsmath, use the `?' option.
(D:\Installationen\MikTex\tex\latex\amsmath\amstext.sty
Package: amstext 2000/06/29 v2.01

(D:\Installationen\MikTex\tex\latex\amsmath\amsgen.sty
File: amsgen.sty 1999/11/30 v2.0
\@emptytoks=\toks17
\ex@=\dimen107
))
(D:\Installationen\MikTex\tex\latex\amsmath\amsbsy.sty
Package: amsbsy 1999/11/29 v1.2d
\pmbraise@=\dimen108
)
(D:\Installationen\MikTex\tex\latex\amsmath\amsopn.sty
Package: amsopn 1999/12/14 v2.01 operator names
)
\inf@bad=\count94
LaTeX Info: Redefining \frac on input line 210.
\uproot@=\count95
\leftroot@=\count96
LaTeX Info: Redefining \overline on input line 306.
\classnum@=\count97
\DOTSCASE@=\count98
LaTeX Info: Redefining \ldots on input line 378.
LaTeX Info: Redefining \dots on input line 381.
LaTeX Info: Redefining \cdots on input line 466.
\Mathstrutbox@=\box28
\strutbox@=\box29
\big@size=\dimen109
LaTeX Font Info:    Redeclaring font encoding OML on input line 566.
LaTeX Font Info:    Redeclaring font encoding OMS on input line 567.
\macc@depth=\count99
\c@MaxMatrixCols=\count100
\dotsspace@=\muskip10
\c@parentequation=\count101
\dspbrk@lvl=\count102
\tag@help=\toks18
\row@=\count103
\column@=\count104
\maxfields@=\count105
\andhelp@=\toks19
\eqnshift@=\dimen110
\alignsep@=\dimen111
\tagshift@=\dimen112
\tagwidth@=\dimen113
\totwidth@=\dimen114
\lineht@=\dimen115
\@envbody=\toks20
\multlinegap=\skip62
\multlinetaggap=\skip63
\mathdisplay@stack=\toks21
LaTeX Info: Redefining \[ on input line 2665.
LaTeX Info: Redefining \] on input line 2666.
)
(D:\Installationen\MikTex\tex\latex\float\float.sty
Package: float 2001/11/08 v1.3d Float enhancements (AL)
\c@float@type=\count106
\float@exts=\toks22
\float@box=\box30
\@float@everytoks=\toks23
\@floatcapt=\box31
)
(D:\Installationen\MikTex\tex\latex\floatflt\floatflt.sty
Package: floatflt 1997/07/16 v. 1.31
\c@OptionTest=\count107
\figbox=\box32
\tabbox=\box33
\pagebox=\box34
\ffigcount=\count108
\ftabcount=\count109
\fftest=\count110
\hangcount=\count111
\nosuccesstryfig=\count112
\nosuccesstrytab=\count113
\figgutter=\dimen116
\tabgutter=\dimen117
\htdone=\dimen118
\pageht=\dimen119
\startpageht=\dimen120
\tabbredd=\dimen121
\floatfltwidth=\dimen122
\fltitemwidth=\dimen123
\outputpretest=\toks24
)
(D:\Installationen\MikTex\tex\latex\wrapfig\wrapfig.sty
\wrapoverhang=\dimen124
\WF@size=\dimen125
\c@WF@wrappedlines=\count114
\WF@box=\box35
\WF@everypar=\toks25
Package: wrapfig 2003/01/31  v 3.6
)
(D:\Installationen\MikTex\tex\latex\csquotes\csquotes.sty
Package: csquotes 2016/12/28 v5.2 context-sensitive quotations (JAW)

(D:\Installationen\MikTex\tex\latex\etoolbox\etoolbox.sty
Package: etoolbox 2017/01/02 v2.4 e-TeX tools for LaTeX (JAW)

(D:\Installationen\MikTex\tex\latex\misc\etex.sty
Package: etex 1998/03/26 v2.0 eTeX basic definition package (PEB)
\et@xins=\count115
)
\etb@tempcnta=\count116
)
\csq@reset=\count117
\csq@gtype=\count118
\csq@glevel=\count119
\csq@qlevel=\count120
\csq@maxlvl=\count121
\csq@tshold=\count122
\csq@ltx@everypar=\toks26

(D:\Installationen\MikTex\tex\latex\csquotes\csquotes.def
File: csquotes.def 2016/12/28 v5.2 csquotes generic definitions (JAW)
)
Package csquotes Info: Trying to load configuration file 'csquotes.cfg'...
Package csquotes Info: ... configuration file loaded successfully.

(D:\Installationen\MikTex\tex\latex\csquotes\csquotes.cfg
File: csquotes.cfg 
))
(D:\Installationen\MikTex\tex\latex\footmisc\footmisc.sty
Package: footmisc 2011/06/06 v5.5b a miscellany of footnote facilities
\FN@temptoken=\toks27
\footnotemargin=\dimen126
\c@pp@next@reset=\count123
Package footmisc Info: Declaring symbol style bringhurst on input line 855.
Package footmisc Info: Declaring symbol style chicago on input line 863.
Package footmisc Info: Declaring symbol style wiley on input line 872.
Package footmisc Info: Declaring symbol style lamport-robust on input line 883.

Package footmisc Info: Declaring symbol style lamport* on input line 903.
Package footmisc Info: Declaring symbol style lamport*-robust on input line 924
.
)
Package csquotes Info: Checking for multilingual support...
Package csquotes Info: ... none found.

(D:\Dokumente\RWTH\PhysikalischBasierteAnimation\Seminar\SimulatingVisualGeomet
ry_Ausarbeitung.aux)
LaTeX Font Info:    Checking defaults for OML/cmm/m/it on input line 29.
LaTeX Font Info:    ... okay on input line 29.
LaTeX Font Info:    Checking defaults for T1/cmr/m/n on input line 29.
LaTeX Font Info:    ... okay on input line 29.
LaTeX Font Info:    Checking defaults for OT1/cmr/m/n on input line 29.
LaTeX Font Info:    ... okay on input line 29.
LaTeX Font Info:    Checking defaults for OMS/cmsy/m/n on input line 29.
LaTeX Font Info:    ... okay on input line 29.
LaTeX Font Info:    Checking defaults for OMX/cmex/m/n on input line 29.
LaTeX Font Info:    ... okay on input line 29.
LaTeX Font Info:    Checking defaults for U/cmr/m/n on input line 29.
LaTeX Font Info:    ... okay on input line 29.
 (D:\Installationen\MikTex\tex\context\base\supp-pdf.mkii
[Loading MPS to PDF converter (version 2006.09.02).]
\scratchcounter=\count124
\scratchdimen=\dimen127
\scratchbox=\box36
\nofMPsegments=\count125
\nofMParguments=\count126
\everyMPshowfont=\toks28
\MPscratchCnt=\count127
\MPscratchDim=\dimen128
\MPnumerator=\count128
\makeMPintoPDFobject=\count129
\everyMPtoPDFconversion=\toks29
)
(D:\Dokumente\RWTH\PhysikalischBasierteAnimation\Seminar\SimulatingVisualGeomet
ry_Ausarbeitung.toc)
\tf@toc=\write3
 [1


{C:/Users/Patrick/AppData/Local/MiKTeX/2.9/pdftex/config/pdftex.map}] [2] [3] <
GlassFracture.PNG, id=14, 681.29532pt x 491.58656pt>
File: GlassFracture.PNG Graphic file (type png)

<use GlassFracture.PNG>
Package pdftex.def Info: GlassFracture.PNG used on input line 65.
(pdftex.def)             Requested size: 177.1326pt x 127.80948pt.
 <Joints.PNG, id=16, 523.20468pt x 359.09157pt>
File: Joints.PNG Graphic file (type png)

<use Joints.PNG>
Package pdftex.def Info: Joints.PNG used on input line 72.
(pdftex.def)             Requested size: 177.88724pt x 122.08951pt.

<PhysicalMeshCreation_1.PNG, id=17, 609.02531pt x 676.77844pt>
File: PhysicalMeshCreation_1.PNG Graphic file (type png)

<use PhysicalMeshCreation_1.PNG>
Package pdftex.def Info: PhysicalMeshCreation_1.PNG used on input line 80.
(pdftex.def)             Requested size: 164.43903pt x 182.73262pt.

Underfull \hbox (badness 10000) in paragraph at lines 81--81
[][] \OT1/cmr/m/it/10.95 From vi-sual to sim-u-la-tion
 []

<PhysicalMeshCreation_2.PNG, id=18, 604.50844pt x 210.03468pt>
File: PhysicalMeshCreation_2.PNG Graphic file (type png)

<use PhysicalMeshCreation_2.PNG>
Package pdftex.def Info: PhysicalMeshCreation_2.PNG used on input line 87.
(pdftex.def)             Requested size: 181.35393pt x 63.01088pt.

Underfull \hbox (badness 7649) in paragraph at lines 88--88
[][] \OT1/cmr/m/it/10.95 En-closed con-vex shapes are
 []


Underfull \hbox (badness 2253) in paragraph at lines 88--88
\OT1/cmr/m/it/10.95 di-rectly trans-formed into sin-gle
 []


Overfull \hbox (6.89444pt too wide) in paragraph at lines 57--91
 $[]$ $[]$
 []


Overfull \hbox (4.86667pt too wide) in paragraph at lines 57--91
 $[]$ $[]$ 
 []

[4 <D:/Dokumente/RWTH/PhysikalischBasierteAnimation/Seminar/GlassFracture.PNG> 
<D:/Dokumente/RWTH/PhysikalischBasierteAnimation/Seminar/Joints.PNG>]
<ShapeMatching.PNG, id=28, 1188.69093pt x 279.29344pt>
File: ShapeMatching.PNG Graphic file (type png)
 <use ShapeMatching.PNG>
Package pdftex.def Info: ShapeMatching.PNG used on input line 102.
(pdftex.def)             Requested size: 427.9284pt x 100.54555pt.

Overfull \hbox (9.67285pt too wide) in paragraph at lines 102--103
 [][] 
 []

[5 <D:/Dokumente/RWTH/PhysikalischBasierteAnimation/Seminar/PhysicalMeshCreatio
n_1.PNG> <D:/Dokumente/RWTH/PhysikalischBasierteAnimation/Seminar/PhysicalMeshC
reation_2.PNG>] [6 <D:/Dokumente/RWTH/PhysikalischBasierteAnimation/Seminar/Sha
peMatching.PNG>] [7] [8] <Curtain.PNG, id=55, 456.95718pt x 773.13844pt>
File: Curtain.PNG Graphic file (type png)

<use Curtain.PNG>
Package pdftex.def Info: Curtain.PNG used on input line 210.
(pdftex.def)             Requested size: 155.36337pt x 262.86359pt.
 [9] <Door.PNG, id=59, 298.86656pt x 429.85594pt>
File: Door.PNG Graphic file (type png)

<use Door.PNG>
Package pdftex.def Info: Door.PNG used on input line 226.
(pdftex.def)             Requested size: 104.60486pt x 150.45183pt.
 <Door1.PNG, id=60, 297.36093pt x 426.84468pt>
File: Door1.PNG Graphic file (type png)
 <use Door1.PNG>
Package pdftex.def Info: Door1.PNG used on input line 227.
(pdftex.def)             Requested size: 104.07788pt x 149.39787pt.

[10 <D:/Dokumente/RWTH/PhysikalischBasierteAnimation/Seminar/Curtain.PNG>]
<Fracture.PNG, id=65, 738.50906pt x 232.61906pt>
File: Fracture.PNG Graphic file (type png)
 <use Fracture.PNG>
Package pdftex.def Info: Fracture.PNG used on input line 232.
(pdftex.def)             Requested size: 295.39839pt x 93.04596pt.

<Tearing.PNG, id=66, 599.99156pt x 524.71031pt>
File: Tearing.PNG Graphic file (type png)
 <use Tearing.PNG>
Package pdftex.def Info: Tearing.PNG used on input line 238.
(pdftex.def)             Requested size: 227.99916pt x 199.39198pt.
 [11 <D:/Dokumente/RWTH/PhysikalischBasierteAnimation/Seminar/Door.PNG> <D:/Dok
umente/RWTH/PhysikalischBasierteAnimation/Seminar/Door1.PNG> <D:/Dokumente/RWTH
/PhysikalischBasierteAnimation/Seminar/Fracture.PNG>] [12 <D:/Dokumente/RWTH/Ph
ysikalischBasierteAnimation/Seminar/Tearing.PNG>] [13] [14]
(D:\Dokumente\RWTH\PhysikalischBasierteAnimation\Seminar\SimulatingVisualGeomet
ry_Ausarbeitung.aux) ) 
Here is how much of TeX's memory you used:
 5428 strings out of 493921
 83090 string characters out of 3148479
 341321 words of memory out of 3000000
 8650 multiletter control sequences out of 15000+200000
 12860 words of font info for 46 fonts, out of 3000000 for 9000
 841 hyphenation exceptions out of 8191
 43i,10n,54p,8516b,317s stack positions out of 5000i,500n,10000p,200000b,50000s
<D:/Installationen/MikTex/fonts/type1/public/amsfonts/cm/
cmbx10.pfb><D:/Installationen/MikTex/fonts/type1/public/amsfonts/cm/cmbx8.pfb><
D:/Installationen/MikTex/fonts/type1/public/amsfonts/cm/cmex10.pfb><D:/Installa
tionen/MikTex/fonts/type1/public/amsfonts/cmextra/cmex8.pfb><D:/Installationen/
MikTex/fonts/type1/public/amsfonts/cm/cmmi10.pfb><D:/Installationen/MikTex/font
s/type1/public/amsfonts/cm/cmmi6.pfb><D:/Installationen/MikTex/fonts/type1/publ
ic/amsfonts/cm/cmmi8.pfb><D:/Installationen/MikTex/fonts/type1/public/amsfonts/
cm/cmr10.pfb><D:/Installationen/MikTex/fonts/type1/public/amsfonts/cm/cmr12.pfb
><D:/Installationen/MikTex/fonts/type1/public/amsfonts/cm/cmr6.pfb><D:/Installa
tionen/MikTex/fonts/type1/public/amsfonts/cm/cmr8.pfb><D:/Installationen/MikTex
/fonts/type1/public/amsfonts/cm/cmr9.pfb><D:/Installationen/MikTex/fonts/type1/
public/amsfonts/cm/cmssbx10.pfb><D:/Installationen/MikTex/fonts/type1/public/am
sfonts/cm/cmsy10.pfb><D:/Installationen/MikTex/fonts/type1/public/amsfonts/cm/c
msy6.pfb><D:/Installationen/MikTex/fonts/type1/public/amsfonts/cm/cmsy8.pfb><D:
/Installationen/MikTex/fonts/type1/public/amsfonts/cm/cmti10.pfb>
Output written on SimulatingVisualGeometry_Ausarbeitung.pdf (14 pages, 1956554 
bytes).
PDF statistics:
 137 PDF objects out of 1000 (max. 8388607)
 0 named destinations out of 1000 (max. 500000)
 51 words of extra memory for PDF output out of 10000 (max. 10000000)

